[0m17:25:32.857440 [debug] [MainThread]: Sending event: {'category': 'dbt', 'action': 'invocation', 'label': 'start', 'context': [<snowplow_tracker.self_describing_json.SelfDescribingJson object at 0x0000017F88BEAC80>, <snowplow_tracker.self_describing_json.SelfDescribingJson object at 0x0000017F8AFA83D0>, <snowplow_tracker.self_describing_json.SelfDescribingJson object at 0x0000017F8AFA8160>]}


============================== 17:25:32.895439 | 341bf32d-0b69-4c47-a9ce-d883055340c0 ==============================
[0m17:25:32.895439 [info ] [MainThread]: Running with dbt=1.11.11
[0m17:25:32.896441 [debug] [MainThread]: running dbt with arguments {'static_parser': 'True', 'no_print': 'None', 'version_check': 'True', 'target_path': 'None', 'warn_error_options': 'WarnErrorOptionsV2(error=[], warn=[], silence=[])', 'printer_width': '80', 'write_json': 'True', 'introspect': 'True', 'log_cache_events': 'False', 'empty': 'None', 'cache_selected_only': 'False', 'log_format': 'default', 'debug': 'False', 'fail_fast': 'False', 'partial_parse': 'True', 'send_anonymous_usage_stats': 'True', 'quiet': 'False', 'warn_error': 'None', 'profiles_dir': 'C:\\Users\\Dinesh B\\.dbt', 'use_colors': 'True', 'indirect_selection': 'eager', 'invocation_command': 'dbt init iecom_analytics', 'use_experimental_parser': 'False', 'log_path': 'logs'}
[0m17:25:33.041373 [debug] [MainThread]: Starter project path: C:\Users\Dinesh B\dbt_bootcamp\.venv\lib\site-packages\dbt\include\starter_project
[0m17:25:33.062453 [info ] [MainThread]: 
Your new dbt project "iecom_analytics" was created!

For more information on how to configure the profiles.yml file,
please consult the dbt documentation here:

  https://docs.getdbt.com/docs/configure-your-profile

One more thing:

Need help? Don't hesitate to reach out to us via GitHub issues or on Slack:

  https://community.getdbt.com/

Happy modeling!

[0m17:25:33.063452 [info ] [MainThread]: Setting up your profile.
[0m17:37:43.413463 [info ] [MainThread]: Profile iecom_analytics written to C:\Users\Dinesh B\.dbt\profiles.yml using target's profile_template.yml and your supplied values. Run 'dbt debug' to validate the connection.
[0m17:37:43.415381 [debug] [MainThread]: Command `dbt init` succeeded at 17:37:43.415381 after 730.73 seconds
[0m17:37:43.416387 [debug] [MainThread]: Sending event: {'category': 'dbt', 'action': 'invocation', 'label': 'end', 'context': [<snowplow_tracker.self_describing_json.SelfDescribingJson object at 0x0000017F88BEAC80>, <snowplow_tracker.self_describing_json.SelfDescribingJson object at 0x0000017F89418820>, <snowplow_tracker.self_describing_json.SelfDescribingJson object at 0x0000017F891B7880>]}
[0m17:37:43.417381 [debug] [MainThread]: Flushing usage events
[0m17:37:45.656401 [debug] [MainThread]: An error was encountered while trying to flush usage events
[0m13:31:44.599396 [debug] [MainThread]: Sending event: {'category': 'dbt', 'action': 'invocation', 'label': 'start', 'context': [<snowplow_tracker.self_describing_json.SelfDescribingJson object at 0x000002470062AFB0>, <snowplow_tracker.self_describing_json.SelfDescribingJson object at 0x0000024701B10460>, <snowplow_tracker.self_describing_json.SelfDescribingJson object at 0x0000024701B10280>]}


============================== 13:31:44.607727 | 11a8f9b8-70c1-4e6f-be43-a963747cc9e9 ==============================
[0m13:31:44.607727 [info ] [MainThread]: Running with dbt=1.11.11
[0m13:31:44.608715 [debug] [MainThread]: running dbt with arguments {'static_parser': 'True', 'no_print': 'None', 'version_check': 'True', 'target_path': 'None', 'warn_error_options': 'WarnErrorOptionsV2(error=[], warn=[], silence=[])', 'printer_width': '80', 'write_json': 'True', 'introspect': 'True', 'log_cache_events': 'False', 'empty': 'False', 'cache_selected_only': 'False', 'fail_fast': 'False', 'debug': 'False', 'log_format': 'default', 'partial_parse': 'True', 'send_anonymous_usage_stats': 'True', 'quiet': 'False', 'warn_error': 'None', 'profiles_dir': 'C:\\Users\\Dinesh B\\.dbt', 'use_colors': 'True', 'indirect_selection': 'eager', 'invocation_command': 'dbt run --select stg_ipl_stats', 'use_experimental_parser': 'False', 'log_path': 'logs'}
[0m13:31:44.609713 [error] [MainThread]: Encountered an error:
Runtime Error
  No dbt_project.yml found at expected path C:\Users\Dinesh B\dbt_bootcamp\dbt_project.yml
  Verify that each entry within packages.yml (and their transitive dependencies) contains a file named dbt_project.yml
  
[0m13:31:44.610713 [debug] [MainThread]: Command `dbt run` failed at 13:31:44.610713 after 0.30 seconds
[0m13:31:44.611713 [debug] [MainThread]: Sending event: {'category': 'dbt', 'action': 'invocation', 'label': 'end', 'context': [<snowplow_tracker.self_describing_json.SelfDescribingJson object at 0x000002470062AFB0>, <snowplow_tracker.self_describing_json.SelfDescribingJson object at 0x0000024701B10550>, <snowplow_tracker.self_describing_json.SelfDescribingJson object at 0x0000024701B10520>]}
[0m13:31:44.612711 [debug] [MainThread]: Flushing usage events
[0m13:31:48.554185 [debug] [MainThread]: An error was encountered while trying to flush usage events
[0m20:36:41.067748 [debug] [MainThread]: Sending event: {'category': 'dbt', 'action': 'invocation', 'label': 'start', 'context': [<snowplow_tracker.self_describing_json.SelfDescribingJson object at 0x000002AC262EAF20>, <snowplow_tracker.self_describing_json.SelfDescribingJson object at 0x000002AC276CC490>, <snowplow_tracker.self_describing_json.SelfDescribingJson object at 0x000002AC276CC2B0>]}


============================== 20:36:41.074750 | 107839f8-6780-416c-a2c6-3b78d049cf45 ==============================
[0m20:36:41.074750 [info ] [MainThread]: Running with dbt=1.11.11
[0m20:36:41.076755 [debug] [MainThread]: running dbt with arguments {'version_check': 'True', 'no_print': 'None', 'static_parser': 'True', 'target_path': 'None', 'warn_error_options': 'WarnErrorOptionsV2(error=[], warn=[], silence=[])', 'printer_width': '80', 'write_json': 'True', 'empty': 'None', 'log_cache_events': 'False', 'introspect': 'True', 'cache_selected_only': 'False', 'log_format': 'default', 'debug': 'False', 'fail_fast': 'False', 'profiles_dir': 'C:\\Users\\Dinesh B\\.dbt', 'send_anonymous_usage_stats': 'True', 'quiet': 'False', 'warn_error': 'None', 'partial_parse': 'True', 'use_colors': 'True', 'indirect_selection': 'eager', 'invocation_command': 'dbt docs generate', 'use_experimental_parser': 'False', 'log_path': 'logs'}
[0m20:36:41.076755 [error] [MainThread]: Encountered an error:
Runtime Error
  No dbt_project.yml found at expected path C:\Users\Dinesh B\dbt_bootcamp\dbt_project.yml
  Verify that each entry within packages.yml (and their transitive dependencies) contains a file named dbt_project.yml
  
[0m20:36:41.078760 [debug] [MainThread]: Command `dbt docs generate` failed at 20:36:41.078760 after 0.21 seconds
[0m20:36:41.079760 [debug] [MainThread]: Sending event: {'category': 'dbt', 'action': 'invocation', 'label': 'end', 'context': [<snowplow_tracker.self_describing_json.SelfDescribingJson object at 0x000002AC262EAF20>, <snowplow_tracker.self_describing_json.SelfDescribingJson object at 0x000002AC276CC580>, <snowplow_tracker.self_describing_json.SelfDescribingJson object at 0x000002AC276CC550>]}
[0m20:36:41.079760 [debug] [MainThread]: Flushing usage events
[0m20:36:43.260981 [debug] [MainThread]: An error was encountered while trying to flush usage events
[0m20:36:52.237046 [debug] [MainThread]: Sending event: {'category': 'dbt', 'action': 'invocation', 'label': 'start', 'context': [<snowplow_tracker.self_describing_json.SelfDescribingJson object at 0x000001D4D92FAF20>, <snowplow_tracker.self_describing_json.SelfDescribingJson object at 0x000001D4DA674490>, <snowplow_tracker.self_describing_json.SelfDescribingJson object at 0x000001D4DA6742B0>]}


============================== 20:36:52.242062 | a56e3b56-7be8-4e13-bee3-c7815ecee237 ==============================
[0m20:36:52.242062 [info ] [MainThread]: Running with dbt=1.11.11
[0m20:36:52.243963 [debug] [MainThread]: running dbt with arguments {'static_parser': 'True', 'no_print': 'None', 'version_check': 'True', 'warn_error_options': 'WarnErrorOptionsV2(error=[], warn=[], silence=[])', 'target_path': 'None', 'printer_width': '80', 'write_json': 'True', 'introspect': 'True', 'log_cache_events': 'False', 'empty': 'None', 'cache_selected_only': 'False', 'fail_fast': 'False', 'debug': 'False', 'log_format': 'default', 'profiles_dir': 'C:\\Users\\Dinesh B\\.dbt', 'send_anonymous_usage_stats': 'True', 'quiet': 'False', 'warn_error': 'None', 'partial_parse': 'True', 'use_colors': 'True', 'indirect_selection': 'eager', 'invocation_command': 'dbt docs serve', 'use_experimental_parser': 'False', 'log_path': 'logs'}
[0m20:36:52.243963 [error] [MainThread]: Encountered an error:
Runtime Error
  No dbt_project.yml found at expected path C:\Users\Dinesh B\dbt_bootcamp\dbt_project.yml
  Verify that each entry within packages.yml (and their transitive dependencies) contains a file named dbt_project.yml
  
[0m20:36:52.245973 [debug] [MainThread]: Command `dbt docs serve` failed at 20:36:52.245973 after 0.21 seconds
[0m20:36:52.247057 [debug] [MainThread]: Sending event: {'category': 'dbt', 'action': 'invocation', 'label': 'end', 'context': [<snowplow_tracker.self_describing_json.SelfDescribingJson object at 0x000001D4D92FAF20>, <snowplow_tracker.self_describing_json.SelfDescribingJson object at 0x000001D4DA6746A0>, <snowplow_tracker.self_describing_json.SelfDescribingJson object at 0x000001D4DA674550>]}
[0m20:36:52.247963 [debug] [MainThread]: Flushing usage events
[0m20:36:53.793476 [debug] [MainThread]: An error was encountered while trying to flush usage events
[0m20:38:11.201432 [debug] [MainThread]: Sending event: {'category': 'dbt', 'action': 'invocation', 'label': 'start', 'context': [<snowplow_tracker.self_describing_json.SelfDescribingJson object at 0x000001DD7FC0AF50>, <snowplow_tracker.self_describing_json.SelfDescribingJson object at 0x000001DD020E8490>, <snowplow_tracker.self_describing_json.SelfDescribingJson object at 0x000001DD020E82B0>]}


============================== 20:38:11.208466 | 61a5cd53-5990-47be-ab53-7cc2d1a91b20 ==============================
[0m20:38:11.208466 [info ] [MainThread]: Running with dbt=1.11.11
[0m20:38:11.209461 [debug] [MainThread]: running dbt with arguments {'version_check': 'True', 'no_print': 'None', 'static_parser': 'True', 'target_path': 'None', 'warn_error_options': 'WarnErrorOptionsV2(error=[], warn=[], silence=[])', 'printer_width': '80', 'write_json': 'True', 'introspect': 'True', 'log_cache_events': 'False', 'empty': 'None', 'cache_selected_only': 'False', 'fail_fast': 'False', 'debug': 'False', 'log_format': 'default', 'profiles_dir': 'C:\\Users\\Dinesh B\\.dbt', 'send_anonymous_usage_stats': 'True', 'quiet': 'False', 'warn_error': 'None', 'partial_parse': 'True', 'indirect_selection': 'eager', 'use_colors': 'True', 'invocation_command': 'dbt docs generate', 'use_experimental_parser': 'False', 'log_path': 'logs'}
[0m20:38:11.210443 [error] [MainThread]: Encountered an error:
Runtime Error
  No dbt_project.yml found at expected path C:\Users\Dinesh B\dbt_bootcamp\dbt_project.yml
  Verify that each entry within packages.yml (and their transitive dependencies) contains a file named dbt_project.yml
  
[0m20:38:11.211465 [debug] [MainThread]: Command `dbt docs generate` failed at 20:38:11.211465 after 0.22 seconds
[0m20:38:11.212534 [debug] [MainThread]: Sending event: {'category': 'dbt', 'action': 'invocation', 'label': 'end', 'context': [<snowplow_tracker.self_describing_json.SelfDescribingJson object at 0x000001DD7FC0AF50>, <snowplow_tracker.self_describing_json.SelfDescribingJson object at 0x000001DD020E8580>, <snowplow_tracker.self_describing_json.SelfDescribingJson object at 0x000001DD020E8550>]}
[0m20:38:11.213463 [debug] [MainThread]: Flushing usage events
[0m20:38:12.679206 [debug] [MainThread]: An error was encountered while trying to flush usage events
